~@[Insulated]
[ 100 0 0 0 0 50 ]
[ 100 2.0875 0.0 0.0 1.0437 50 ]
[ 100 4.0878 0.0436 0.0218 2.0439 50 ]
[ 100 6.0055 0.1276 0.0645 3.0028 50 ]
[ 100 7.8449 0.249 0.1272 3.9225 50 ]
[ 100 9.6101 0.405 0.209 4.8051 50 ]
[ 100 11.3048 0.5931 0.309 5.6526 50 ]
[ 100 12.9327 0.8108 0.4265 6.4668 50 ]
[ 100 14.4972 1.0558 0.5606 7.2495 50 ]
[ 100 16.0015 1.3261 0.7106 8.0023 50 ]
[ 100 17.4486 1.6196 0.8757 8.7268 50 ]
[ 100 18.8414 1.9345 1.0551 9.4245 50 ]
[ 100 20.1827 2.2691 1.2482 10.0968 50 ]
[ 100 21.4749 2.6217 1.4542 10.7451 50 ]
[ 100 22.7206 2.9909 1.6725 11.3706 50 ]
[ 100 23.9219 3.3752 1.9025 11.9745 50 ]
[ 100 25.0811 3.7734 2.1435 12.558 50 ]
[ 100 26.2002 4.1842 2.3949 13.1222 50 ]
[ 100 27.2812 4.6064 2.6562 13.6681 50 ]
[ 100 28.3259 5.039 2.9268 14.1967 50 ]
[ 100 29.336 5.481 3.2062 14.7088 50 ]
[ 100 30.3131 5.9315 3.4938 15.2054 50 ]
[ 100 31.2588 6.3896 3.7892 15.6873 50 ]
[ 100 32.1746 6.8545 4.0919 16.1552 50 ]
[ 100 33.0619 7.3254 4.4014 16.6099 50 ]
[ 100 33.922 7.8016 4.7173 17.0521 50 ]
[ 100 34.7561 8.2825 5.0392 17.4824 50 ]
[ 100 35.5654 8.7674 5.3667 17.9015 50 ]
[ 100 36.3511 9.2558 5.6994 18.3099 50 ]
[ 100 37.1142 9.7472 6.0369 18.7082 50 ]
[ 100 37.8557 10.241 6.3789 19.0969 50 ]
[ 100 38.5765 10.7368 6.725 19.4765 50 ]
[ 100 39.2776 11.2342 7.0749 19.8475 50 ]
[ 100 39.9598 11.7328 7.4284 20.2103 50 ]
[ 100 40.6239 12.2322 7.7851 20.5653 50 ]
[ 100 41.2707 12.732 8.1447 20.913 50 ]
[ 100 41.9009 13.232 8.507 21.2537 50 ]
[ 100 42.5153 13.7318 8.8717 21.5877 50 ]
[ 100 43.1144 14.2312 9.2386 21.9154 50 ]
[ 100 43.699 14.7299 9.6074 22.237 50 ]
[ 100 44.2696 15.2277 9.978 22.5529 50 ]
[ 100 44.8267 15.7244 10.3501 22.8634 50 ]
[ 100 45.3709 16.2197 10.7235 23.1687 50 ]
[ 100 45.9028 16.7135 11.098 23.469 50 ]
[ 100 46.4228 17.2056 11.4735 23.7646 50 ]
[ 100 46.9313 17.6959 11.8497 24.0557 50 ]
[ 100 47.4288 18.1841 12.2265 24.3425 50 ]
[ 100 47.9157 18.6702 12.6038 24.6252 50 ]
[ 100 48.3925 19.1541 12.9814 24.904 50 ]
[ 100 48.8595 19.6356 13.3591 25.179 50 ]
[ 100 49.317 20.1146 13.7369 25.4504 50 ]
[ 100 49.7654 20.5911 14.1146 25.7184 50 ]
[ 100 50.205 21.0649 14.492 25.983 50 ]
[ 100 50.6362 21.536 14.8691 26.2445 50 ]
[ 100 51.0592 22.0043 15.2457 26.5029 50 ]
[ 100 51.4743 22.4697 15.6218 26.7584 50 ]
[ 100 51.8818 22.9322 15.9972 27.0111 50 ]
[ 100 52.2819 23.3918 16.3719 27.2611 50 ]
[ 100 52.6749 23.8483 16.7458 27.5085 50 ]
[ 100 53.0611 24.3018 17.1187 27.7533 50 ]
[ 100 53.4406 24.7522 17.4906 27.9957 50 ]
[ 100 53.8137 25.1995 17.8615 28.2357 50 ]
[ 100 54.1805 25.6436 18.2312 28.4735 50 ]
[ 100 54.5413 26.0846 18.5997 28.7091 50 ]
[ 100 54.8962 26.5224 18.967 28.9425 50 ]
[ 100 55.2454 26.957 19.333 29.1738 50 ]
[ 100 55.5891 27.3884 19.6976 29.4031 50 ]
[ 100 55.9275 27.8165 20.0607 29.6305 50 ]
[ 100 56.2607 28.2414 20.4224 29.8559 50 ]
[ 100 56.5889 28.6631 20.7825 30.0795 50 ]
[ 100 56.9122 29.0815 21.1411 30.3013 50 ]
[ 100 57.2307 29.4967 21.4981 30.5213 50 ]
[ 100 57.5446 29.9087 21.8534 30.7396 50 ]
[ 100 57.854 30.3174 22.2071 30.9562 50 ]
[ 100 58.159 30.7229 22.559 31.1711 50 ]
[ 100 58.4597 31.1252 22.9092 31.3844 50 ]
[ 100 58.7562 31.5243 23.2576 31.5961 50 ]
[ 100 59.0487 31.9202 23.6042 31.8062 50 ]
[ 100 59.3373 32.3129 23.949 32.0148 50 ]
[ 100 59.622 32.7024 24.292 32.2219 50 ]
[ 100 59.9029 33.0888 24.6331 32.4275 50 ]
[ 100 60.1802 33.472 24.9723 32.6316 50 ]
[ 100 60.4539 33.8521 25.3096 32.8343 50 ]
[ 100 60.7241 34.2291 25.645 33.0356 50 ]
[ 100 60.9909 34.603 25.9785 33.2355 50 ]
[ 100 61.2544 34.9738 26.31 33.434 50 ]
[ 100 61.5146 35.3416 26.6396 33.6311 50 ]
[ 100 61.7716 35.7063 26.9672 33.8269 50 ]
[ 100 62.0255 36.068 27.2928 34.0213 50 ]
[ 100 62.2764 36.4267 27.6164 34.2144 50 ]
[ 100 62.5243 36.7824 27.938 34.4062 50 ]
[ 100 62.7692 37.1351 28.2577 34.5967 50 ]
[ 100 63.0113 37.4849 28.5753 34.7859 50 ]
[ 100 63.2506 37.8318 28.8909 34.9738 50 ]
[ 100 63.4871 38.1758 29.2045 35.1605 50 ]
[ 100 63.7209 38.5169 29.5161 35.3459 50 ]
[ 100 63.9521 38.8551 29.8257 35.5301 50 ]
[ 100 64.1807 39.1905 30.1333 35.7131 50 ]
[ 100 64.4068 39.5231 30.4388 35.8949 50 ]
[ 100 64.6304 39.8529 30.7423 36.0754 50 ]
[ 100 64.8515 40.1799 31.0438 36.2547 50 ]
[ 100 65.0702 40.5042 31.3433 36.4329 50 ]
[ 100 65.2865 40.8258 31.6408 36.6099 50 ]
[ 100 65.5005 41.1447 31.9363 36.7857 50 ]
[ 100 65.7122 41.4609 32.2298 36.9603 50 ]
[ 100 65.9217 41.7744 32.5212 37.1338 50 ]
[ 100 66.129 42.0853 32.8106 37.3061 50 ]
[ 100 66.3341 42.3936 33.0981 37.4772 50 ]
[ 100 66.5371 42.6993 33.3836 37.6472 50 ]
[ 100 66.738 43.0024 33.6671 37.8161 50 ]
[ 100 66.9369 43.303 33.9486 37.9838 50 ]
[ 100 67.1337 43.6011 34.2281 38.1504 50 ]
[ 100 67.3285 43.8967 34.5056 38.3159 50 ]
[ 100 67.5214 44.1898 34.7812 38.4803 50 ]
[ 100 67.7123 44.4804 35.0548 38.6436 50 ]
[ 100 67.9013 44.7686 35.3265 38.8057 50 ]
[ 100 68.0885 45.0544 35.5962 38.9668 50 ]
[ 100 68.2738 45.3378 35.864 39.1268 50 ]
[ 100 68.4573 45.6188 36.1299 39.2857 50 ]
[ 100 68.639 45.8975 36.3939 39.4435 50 ]
[ 100 68.8189 46.1738 36.6559 39.6002 50 ]

