~@[Open]
[ 50 50 50 50 50 50 ]
[ 49.9165 50.0 50.0 50.0 50.0 50.0 ]
[ 49.8365 49.9983 50.0 50.0 50.0 50.0 ]
[ 49.7598 49.995 50.0 50.0 50.0 50.0 ]
[ 49.6861 49.9902 49.9999 50.0 50.0 50.0 ]
[ 49.6153 49.9841 49.9997 50.0 50.0 50.0 ]
[ 49.5472 49.9767 49.9994 50.0 50.0 50.0 ]
[ 49.4816 49.9682 49.9989 50.0 50.0 50.0 ]
[ 49.4184 49.9587 49.9983 50.0 50.0 50.0 ]
[ 49.3575 49.9482 49.9975 50.0 50.0 50.0 ]
[ 49.2987 49.9369 49.9965 49.9999 50.0 50.0 ]
[ 49.2418 49.9248 49.9953 49.9998 50.0 50.0 ]
[ 49.1868 49.912 49.9939 49.9997 50.0 50.0 ]
[ 49.1336 49.8986 49.9923 49.9996 50.0 50.0 ]
[ 49.082 49.8846 49.9905 49.9995 50.0 50.0 ]
[ 49.032 49.8701 49.9885 49.9993 50.0 50.0 ]
[ 48.9835 49.8551 49.9863 49.9991 50.0 50.0 ]
[ 48.9364 49.8396 49.9838 49.9989 50.0 50.0 ]
[ 48.8906 49.8238 49.9811 49.9986 50.0 50.0 ]
[ 48.8461 49.8076 49.9782 49.9983 50.0 50.0 ]
[ 48.8027 49.7911 49.9751 49.9979 50.0 50.0 ]
[ 48.7605 49.7743 49.9717 49.9975 50.0 50.0 ]
[ 48.7193 49.7573 49.9681 49.997 49.9999 50.0 ]
[ 48.6791 49.74 49.9643 49.9965 49.9998 50.0 ]
[ 48.6399 49.7225 49.9603 49.9959 49.9997 50.0 ]
[ 48.6016 49.7049 49.9561 49.9952 49.9996 50.0 ]
[ 48.5642 49.6871 49.9517 49.9945 49.9995 50.0 ]
[ 48.5276 49.6692 49.9471 49.9937 49.9994 50.0 ]
[ 48.4918 49.6512 49.9423 49.9928 49.9993 50.0 ]
[ 48.4567 49.6331 49.9373 49.9919 49.9992 50.0 ]
[ 48.4223 49.6149 49.9321 49.9909 49.9991 50.0 ]
[ 48.3886 49.5966 49.9267 49.9898 49.9989 50.0 ]
[ 48.3555 49.5783 49.9211 49.9887 49.9987 50.0 ]
[ 48.3231 49.5599 49.9154 49.9875 49.9985 49.9999 ]
[ 48.2912 49.5415 49.9095 49.9862 49.9983 49.9998 ]
[ 48.2599 49.5231 49.9034 49.9849 49.9981 49.9997 ]
[ 48.2291 49.5047 49.8972 49.9835 49.9979 49.9996 ]
[ 48.1989 49.4863 49.8908 49.982 49.9976 49.9995 ]
[ 48.1691 49.4679 49.8843 49.9804 49.9973 49.9994 ]
[ 48.1398 49.4495 49.8776 49.9787 49.997 49.9993 ]
[ 48.111 49.4311 49.8708 49.977 49.9967 49.9992 ]
[ 48.0826 49.4127 49.8638 49.9752 49.9963 49.9991 ]
[ 48.0546 49.3944 49.8567 49.9733 49.9959 49.999 ]
[ 48.027 49.3761 49.8495 49.9713 49.9955 49.9989 ]
[ 47.9998 49.3578 49.8422 49.9693 49.9951 49.9988 ]
[ 47.973 49.3396 49.8347 49.9672 49.9946 49.9986 ]
[ 47.9466 49.3214 49.8271 49.965 49.9941 49.9984 ]
[ 47.9205 49.3033 49.8194 49.9627 49.9936 49.9982 ]
[ 47.8947 49.2852 49.8116 49.9604 49.9931 49.998 ]
[ 47.8693 49.2672 49.8037 49.958 49.9925 49.9978 ]
[ 47.8442 49.2492 49.7957 49.9555 49.9919 49.9976 ]

